<?xml version="1.0" encoding="UTF-8"?>
<testng-results skipped="0" failed="0" total="1" passed="1">
  <reporter-output>
  </reporter-output>
  <suite name="Default suite" duration-ms="34906" started-at="2019-11-04T08:56:37Z" finished-at="2019-11-04T08:57:12Z">
    <groups>
    </groups>
    <test name="Default test" duration-ms="34906" started-at="2019-11-04T08:56:37Z" finished-at="2019-11-04T08:57:12Z">
      <class name="Register.Register.Register">
        <test-method status="PASS" signature="launchBrowser()[pri:0, instance:Register.Register.Register@cc285f4]" name="launchBrowser" is-config="true" duration-ms="19247" started-at="2019-11-04T14:26:17Z" finished-at="2019-11-04T14:26:37Z">
          <reporter-output>
          </reporter-output>
        </test-method> <!-- launchBrowser -->
        <test-method status="PASS" signature="gotoregister()[pri:0, instance:Register.Register.Register@cc285f4]" name="gotoregister" is-config="true" duration-ms="19085" started-at="2019-11-04T14:26:37Z" finished-at="2019-11-04T14:26:56Z">
          <reporter-output>
          </reporter-output>
        </test-method> <!-- gotoregister -->
        <test-method status="PASS" signature="putdata()[pri:0, instance:Register.Register.Register@cc285f4]" name="putdata" duration-ms="12416" started-at="2019-11-04T14:26:56Z" finished-at="2019-11-04T14:27:08Z">
          <reporter-output>
          </reporter-output>
        </test-method> <!-- putdata -->
        <test-method status="PASS" signature="submit()[pri:0, instance:Register.Register.Register@cc285f4]" name="submit" is-config="true" duration-ms="3280" started-at="2019-11-04T14:27:08Z" finished-at="2019-11-04T14:27:12Z">
          <reporter-output>
          </reporter-output>
        </test-method> <!-- submit -->
        <test-method status="PASS" signature="close()[pri:0, instance:Register.Register.Register@cc285f4]" name="close" is-config="true" duration-ms="1247" started-at="2019-11-04T14:27:12Z" finished-at="2019-11-04T14:27:14Z">
          <reporter-output>
          </reporter-output>
        </test-method> <!-- close -->
      </class> <!-- Register.Register.Register -->
    </test> <!-- Default test -->
  </suite> <!-- Default suite -->
</testng-results>
